2024-12-25 00:37:59.351 [info] [main] Log level: Info
2024-12-25 00:37:59.351 [info] [main] Validating found git in: "git"
2024-12-25 00:37:59.351 [info] [main] Using git "2.47.0" from "git"
2024-12-25 00:37:59.351 [info] [Model][doInitialScan] Initial repository scan started
2024-12-25 00:37:59.351 [info] > git rev-parse --show-toplevel [64ms]
2024-12-25 00:37:59.351 [info] fatal: not a git repository (or any parent up to mount point /)
Stopping at filesystem boundary (GIT_DISCOVERY_ACROSS_FILESYSTEM not set).
2024-12-25 00:37:59.351 [info] > git rev-parse --show-toplevel [8ms]
2024-12-25 00:37:59.351 [info] fatal: not a git repository (or any of the parent directories): .git
2024-12-25 00:37:59.351 [info] [Model][doInitialScan] Initial repository scan completed - repositories (0), closed repositories (0), parent repositories (0), unsafe repositories (0)
2024-12-25 00:39:18.943 [info] > git rev-parse --show-toplevel [4ms]
2024-12-25 00:39:18.943 [info] fatal: not a git repository (or any parent up to mount point /)
Stopping at filesystem boundary (GIT_DISCOVERY_ACROSS_FILESYSTEM not set).
2024-12-25 00:45:58.796 [info] > git rev-parse --show-toplevel [7ms]
2024-12-25 00:45:58.796 [info] fatal: not a git repository (or any parent up to mount point /)
Stopping at filesystem boundary (GIT_DISCOVERY_ACROSS_FILESYSTEM not set).
2024-12-25 00:45:58.949 [info] > git rev-parse --show-toplevel [6ms]
2024-12-25 00:45:58.949 [info] fatal: not a git repository (or any parent up to mount point /)
Stopping at filesystem boundary (GIT_DISCOVERY_ACROSS_FILESYSTEM not set).
2024-12-25 00:48:53.604 [info] > git rev-parse --show-toplevel [4ms]
2024-12-25 00:48:53.604 [info] fatal: not a git repository (or any parent up to mount point /)
Stopping at filesystem boundary (GIT_DISCOVERY_ACROSS_FILESYSTEM not set).
2024-12-25 00:52:05.620 [info] > git rev-parse --show-toplevel [7ms]
2024-12-25 00:52:05.620 [info] fatal: not a git repository (or any parent up to mount point /)
Stopping at filesystem boundary (GIT_DISCOVERY_ACROSS_FILESYSTEM not set).
