2024-12-25 13:26:51.173 [info] Started local extension host with pid 2959.
2024-12-25 13:26:51.577 [warning] [redhat.vscode-yaml]: Cannot register 'redhat.telemetry.enabled'. This property is already registered.
2024-12-25 13:26:55.422 [info] [perf] Render performance baseline is 41ms
2024-12-25 18:27:16.686 [info] Started local extension host with pid 2437726.
2024-12-25 18:27:16.897 [warning] [redhat.vscode-yaml]: Cannot register 'redhat.telemetry.enabled'. This property is already registered.
2024-12-25 18:27:17.374 [error] [Extension Host] TypeError: Cannot read properties of undefined (reading 'replace')
	at n (/home/jondaw/.vscode-oss/extensions/jnoortheen.nix-ide-0.3.5-universal/dist/extension.js:1:1090)
	at Bi (/home/jondaw/.vscode-oss/extensions/jnoortheen.nix-ide-0.3.5-universal/dist/extension.js:44:41680)
	at Ho.get (/home/jondaw/.vscode-oss/extensions/jnoortheen.nix-ide-0.3.5-universal/dist/extension.js:44:41969)
	at get formatterPath (/home/jondaw/.vscode-oss/extensions/jnoortheen.nix-ide-0.3.5-universal/dist/extension.js:44:42024)
	at Object.<anonymous> (/home/jondaw/.vscode-oss/extensions/jnoortheen.nix-ide-0.3.5-universal/dist/extension.js:44:42449)
	at Module._compile (node:internal/modules/cjs/loader:1373:14)
	at Module._extensions..js (node:internal/modules/cjs/loader:1432:10)
	at Module.load (node:internal/modules/cjs/loader:1215:32)
	at Module._load (node:internal/modules/cjs/loader:1031:12)
	at c._load (node:electron/js2c/node_init:2:13801)
	at e._load (file:///nix/store/76jc8sja4md3xgb4c3snj37spgfpxxgz-vscodium-1.94.2.24284/lib/vscode/resources/app/out/vs/workbench/api/node/extensionHostProcess.js:174:11975)
	at t._load (file:///nix/store/76jc8sja4md3xgb4c3snj37spgfpxxgz-vscodium-1.94.2.24284/lib/vscode/resources/app/out/vs/workbench/api/node/extensionHostProcess.js:166:28437)
	at i._load (file:///nix/store/76jc8sja4md3xgb4c3snj37spgfpxxgz-vscodium-1.94.2.24284/lib/vscode/resources/app/out/vs/workbench/api/node/extensionHostProcess.js:158:5023)
	at Module.require (node:internal/modules/cjs/loader:1240:19)
	at require (node:internal/modules/helpers:179:18)
	at hW._loadCommonJSModule (file:///nix/store/76jc8sja4md3xgb4c3snj37spgfpxxgz-vscodium-1.94.2.24284/lib/vscode/resources/app/out/vs/workbench/api/node/extensionHostProcess.js:166:30095)
	at async Promise.all (index 0)
2024-12-25 18:27:17.374 [error] [Extension Host] TypeError: Cannot read properties of undefined (reading 'replace')
	at n (/home/jondaw/.vscode-oss/extensions/jnoortheen.nix-ide-0.3.5-universal/dist/extension.js:1:1090)
	at Bi (/home/jondaw/.vscode-oss/extensions/jnoortheen.nix-ide-0.3.5-universal/dist/extension.js:44:41680)
	at Ho.get (/home/jondaw/.vscode-oss/extensions/jnoortheen.nix-ide-0.3.5-universal/dist/extension.js:44:41969)
	at get formatterPath (/home/jondaw/.vscode-oss/extensions/jnoortheen.nix-ide-0.3.5-universal/dist/extension.js:44:42024)
	at Object.<anonymous> (/home/jondaw/.vscode-oss/extensions/jnoortheen.nix-ide-0.3.5-universal/dist/extension.js:44:42501)
	at Module._compile (node:internal/modules/cjs/loader:1373:14)
	at Module._extensions..js (node:internal/modules/cjs/loader:1432:10)
	at Module.load (node:internal/modules/cjs/loader:1215:32)
	at Module._load (node:internal/modules/cjs/loader:1031:12)
	at c._load (node:electron/js2c/node_init:2:13801)
	at e._load (file:///nix/store/76jc8sja4md3xgb4c3snj37spgfpxxgz-vscodium-1.94.2.24284/lib/vscode/resources/app/out/vs/workbench/api/node/extensionHostProcess.js:174:11975)
	at t._load (file:///nix/store/76jc8sja4md3xgb4c3snj37spgfpxxgz-vscodium-1.94.2.24284/lib/vscode/resources/app/out/vs/workbench/api/node/extensionHostProcess.js:166:28437)
	at i._load (file:///nix/store/76jc8sja4md3xgb4c3snj37spgfpxxgz-vscodium-1.94.2.24284/lib/vscode/resources/app/out/vs/workbench/api/node/extensionHostProcess.js:158:5023)
	at Module.require (node:internal/modules/cjs/loader:1240:19)
	at require (node:internal/modules/helpers:179:18)
	at hW._loadCommonJSModule (file:///nix/store/76jc8sja4md3xgb4c3snj37spgfpxxgz-vscodium-1.94.2.24284/lib/vscode/resources/app/out/vs/workbench/api/node/extensionHostProcess.js:166:30095)
	at async Promise.all (index 0)
2024-12-25 18:27:17.671 [error] [Extension Host] TypeError: Cannot read properties of undefined (reading 'replace')
	at n (/home/jondaw/.vscode-oss/extensions/jnoortheen.nix-ide-0.3.5-universal/dist/extension.js:1:1090)
	at Bi (/home/jondaw/.vscode-oss/extensions/jnoortheen.nix-ide-0.3.5-universal/dist/extension.js:44:41680)
	at Ho.get (/home/jondaw/.vscode-oss/extensions/jnoortheen.nix-ide-0.3.5-universal/dist/extension.js:44:41969)
	at get serverPath (/home/jondaw/.vscode-oss/extensions/jnoortheen.nix-ide-0.3.5-universal/dist/extension.js:44:42088)
	at Cd (/home/jondaw/.vscode-oss/extensions/jnoortheen.nix-ide-0.3.5-universal/dist/extension.js:44:44756)
	at Ow (/home/jondaw/.vscode-oss/extensions/jnoortheen.nix-ide-0.3.5-universal/dist/extension.js:44:45971)
	at J_._callActivateOptional (file:///nix/store/76jc8sja4md3xgb4c3snj37spgfpxxgz-vscodium-1.94.2.24284/lib/vscode/resources/app/out/vs/workbench/api/node/extensionHostProcess.js:118:18636)
	at J_._callActivate (file:///nix/store/76jc8sja4md3xgb4c3snj37spgfpxxgz-vscodium-1.94.2.24284/lib/vscode/resources/app/out/vs/workbench/api/node/extensionHostProcess.js:118:18305)
	at file:///nix/store/76jc8sja4md3xgb4c3snj37spgfpxxgz-vscodium-1.94.2.24284/lib/vscode/resources/app/out/vs/workbench/api/node/extensionHostProcess.js:118:16239
	at async S_._activate (file:///nix/store/76jc8sja4md3xgb4c3snj37spgfpxxgz-vscodium-1.94.2.24284/lib/vscode/resources/app/out/vs/workbench/api/node/extensionHostProcess.js:114:5656)
	at async S_._waitForDepsThenActivate (file:///nix/store/76jc8sja4md3xgb4c3snj37spgfpxxgz-vscodium-1.94.2.24284/lib/vscode/resources/app/out/vs/workbench/api/node/extensionHostProcess.js:114:5598)
	at async S_._initialize (file:///nix/store/76jc8sja4md3xgb4c3snj37spgfpxxgz-vscodium-1.94.2.24284/lib/vscode/resources/app/out/vs/workbench/api/node/extensionHostProcess.js:114:4961)
2024-12-25 18:27:17.677 [error] [Extension Host] TypeError: Cannot read properties of undefined (reading 'replace')
	at n (/home/jondaw/.vscode-oss/extensions/jnoortheen.nix-ide-0.3.5-universal/dist/extension.js:1:1090)
	at Bi (/home/jondaw/.vscode-oss/extensions/jnoortheen.nix-ide-0.3.5-universal/dist/extension.js:44:41680)
	at Ho.get (/home/jondaw/.vscode-oss/extensions/jnoortheen.nix-ide-0.3.5-universal/dist/extension.js:44:41969)
	at get serverPath (/home/jondaw/.vscode-oss/extensions/jnoortheen.nix-ide-0.3.5-universal/dist/extension.js:44:42088)
	at Cd (/home/jondaw/.vscode-oss/extensions/jnoortheen.nix-ide-0.3.5-universal/dist/extension.js:44:45073)
	at Ow (/home/jondaw/.vscode-oss/extensions/jnoortheen.nix-ide-0.3.5-universal/dist/extension.js:44:45971)
	at J_._callActivateOptional (file:///nix/store/76jc8sja4md3xgb4c3snj37spgfpxxgz-vscodium-1.94.2.24284/lib/vscode/resources/app/out/vs/workbench/api/node/extensionHostProcess.js:118:18636)
	at J_._callActivate (file:///nix/store/76jc8sja4md3xgb4c3snj37spgfpxxgz-vscodium-1.94.2.24284/lib/vscode/resources/app/out/vs/workbench/api/node/extensionHostProcess.js:118:18305)
	at file:///nix/store/76jc8sja4md3xgb4c3snj37spgfpxxgz-vscodium-1.94.2.24284/lib/vscode/resources/app/out/vs/workbench/api/node/extensionHostProcess.js:118:16239
	at async S_._activate (file:///nix/store/76jc8sja4md3xgb4c3snj37spgfpxxgz-vscodium-1.94.2.24284/lib/vscode/resources/app/out/vs/workbench/api/node/extensionHostProcess.js:114:5656)
	at async S_._waitForDepsThenActivate (file:///nix/store/76jc8sja4md3xgb4c3snj37spgfpxxgz-vscodium-1.94.2.24284/lib/vscode/resources/app/out/vs/workbench/api/node/extensionHostProcess.js:114:5598)
	at async S_._initialize (file:///nix/store/76jc8sja4md3xgb4c3snj37spgfpxxgz-vscodium-1.94.2.24284/lib/vscode/resources/app/out/vs/workbench/api/node/extensionHostProcess.js:114:4961)
2024-12-25 18:27:17.711 [error] [Extension Host] TypeError: Cannot read properties of undefined (reading 'replace')
	at n (/home/jondaw/.vscode-oss/extensions/jnoortheen.nix-ide-0.3.5-universal/dist/extension.js:1:1090)
	at Bi (/home/jondaw/.vscode-oss/extensions/jnoortheen.nix-ide-0.3.5-universal/dist/extension.js:44:41680)
	at /home/jondaw/.vscode-oss/extensions/jnoortheen.nix-ide-0.3.5-universal/dist/extension.js:44:41738
	at Array.forEach (<anonymous>)
	at Bi (/home/jondaw/.vscode-oss/extensions/jnoortheen.nix-ide-0.3.5-universal/dist/extension.js:44:41721)
	at /home/jondaw/.vscode-oss/extensions/jnoortheen.nix-ide-0.3.5-universal/dist/extension.js:44:41738
	at Array.forEach (<anonymous>)
	at Bi (/home/jondaw/.vscode-oss/extensions/jnoortheen.nix-ide-0.3.5-universal/dist/extension.js:44:41721)
	at /home/jondaw/.vscode-oss/extensions/jnoortheen.nix-ide-0.3.5-universal/dist/extension.js:44:41738
	at Array.forEach (<anonymous>)
	at Bi (/home/jondaw/.vscode-oss/extensions/jnoortheen.nix-ide-0.3.5-universal/dist/extension.js:44:41721)
	at /home/jondaw/.vscode-oss/extensions/jnoortheen.nix-ide-0.3.5-universal/dist/extension.js:44:41738
	at Array.forEach (<anonymous>)
	at Bi (/home/jondaw/.vscode-oss/extensions/jnoortheen.nix-ide-0.3.5-universal/dist/extension.js:44:41721)
	at Ho.get (/home/jondaw/.vscode-oss/extensions/jnoortheen.nix-ide-0.3.5-universal/dist/extension.js:44:41969)
	at get serverSettings (/home/jondaw/.vscode-oss/extensions/jnoortheen.nix-ide-0.3.5-universal/dist/extension.js:44:42277)
	at Object.configuration (/home/jondaw/.vscode-oss/extensions/jnoortheen.nix-ide-0.3.5-universal/dist/extension.js:44:45417)
	at /home/jondaw/.vscode-oss/extensions/jnoortheen.nix-ide-0.3.5-universal/dist/extension.js:39:33144
	at vn (/home/jondaw/.vscode-oss/extensions/jnoortheen.nix-ide-0.3.5-universal/dist/extension.js:5:8497)
	at yn (/home/jondaw/.vscode-oss/extensions/jnoortheen.nix-ide-0.3.5-universal/dist/extension.js:5:6176)
	at xn (/home/jondaw/.vscode-oss/extensions/jnoortheen.nix-ide-0.3.5-universal/dist/extension.js:5:6363)
	at Immediate._onImmediate (/home/jondaw/.vscode-oss/extensions/jnoortheen.nix-ide-0.3.5-universal/dist/extension.js:5:6130)
	at process.processImmediate (node:internal/timers:483:21)
2024-12-25 18:27:17.714 [error] [Extension Host] TypeError: Cannot read properties of undefined (reading 'replace')
	at n (/home/jondaw/.vscode-oss/extensions/jnoortheen.nix-ide-0.3.5-universal/dist/extension.js:1:1090)
	at Bi (/home/jondaw/.vscode-oss/extensions/jnoortheen.nix-ide-0.3.5-universal/dist/extension.js:44:41680)
	at /home/jondaw/.vscode-oss/extensions/jnoortheen.nix-ide-0.3.5-universal/dist/extension.js:44:41738
	at Array.forEach (<anonymous>)
	at Bi (/home/jondaw/.vscode-oss/extensions/jnoortheen.nix-ide-0.3.5-universal/dist/extension.js:44:41721)
	at /home/jondaw/.vscode-oss/extensions/jnoortheen.nix-ide-0.3.5-universal/dist/extension.js:44:41738
	at Array.forEach (<anonymous>)
	at Bi (/home/jondaw/.vscode-oss/extensions/jnoortheen.nix-ide-0.3.5-universal/dist/extension.js:44:41721)
	at /home/jondaw/.vscode-oss/extensions/jnoortheen.nix-ide-0.3.5-universal/dist/extension.js:44:41738
	at Array.forEach (<anonymous>)
	at Bi (/home/jondaw/.vscode-oss/extensions/jnoortheen.nix-ide-0.3.5-universal/dist/extension.js:44:41721)
	at /home/jondaw/.vscode-oss/extensions/jnoortheen.nix-ide-0.3.5-universal/dist/extension.js:44:41738
	at Array.forEach (<anonymous>)
	at Bi (/home/jondaw/.vscode-oss/extensions/jnoortheen.nix-ide-0.3.5-universal/dist/extension.js:44:41721)
	at Ho.get (/home/jondaw/.vscode-oss/extensions/jnoortheen.nix-ide-0.3.5-universal/dist/extension.js:44:41969)
	at get serverSettings (/home/jondaw/.vscode-oss/extensions/jnoortheen.nix-ide-0.3.5-universal/dist/extension.js:44:42277)
	at Object.configuration (/home/jondaw/.vscode-oss/extensions/jnoortheen.nix-ide-0.3.5-universal/dist/extension.js:44:45417)
	at /home/jondaw/.vscode-oss/extensions/jnoortheen.nix-ide-0.3.5-universal/dist/extension.js:39:33144
	at vn (/home/jondaw/.vscode-oss/extensions/jnoortheen.nix-ide-0.3.5-universal/dist/extension.js:5:8497)
	at yn (/home/jondaw/.vscode-oss/extensions/jnoortheen.nix-ide-0.3.5-universal/dist/extension.js:5:6176)
	at xn (/home/jondaw/.vscode-oss/extensions/jnoortheen.nix-ide-0.3.5-universal/dist/extension.js:5:6363)
	at Immediate._onImmediate (/home/jondaw/.vscode-oss/extensions/jnoortheen.nix-ide-0.3.5-universal/dist/extension.js:5:6130)
	at process.processImmediate (node:internal/timers:483:21)
2024-12-25 18:27:19.275 [info] [perf] Render performance baseline is 13ms
