2024-12-25 13:26:51.579 [info] Extension host with pid 2959 started
2024-12-25 13:26:51.579 [info] Skipping acquiring lock for /home/jondaw/.config/VSCodium/User/workspaceStorage/4660ce6a3c65e37467f5edad778403a3.
2024-12-25 13:26:51.737 [info] ExtensionService#_doActivateExtension vscode.emmet, startup: false, activationEvent: 'onLanguage'
2024-12-25 13:26:51.754 [info] ExtensionService#_doActivateExtension vscode.extension-editing, startup: false, activationEvent: 'onLanguage:markdown'
2024-12-25 13:26:51.767 [info] ExtensionService#_doActivateExtension vscode.markdown-language-features, startup: false, activationEvent: 'onLanguage:markdown'
2024-12-25 13:26:51.852 [info] ExtensionService#_doActivateExtension rvest.vs-code-prettier-eslint, startup: false, activationEvent: 'onLanguage:markdown'
2024-12-25 13:26:52.146 [info] ExtensionService#_doActivateExtension vscode.git-base, startup: true, activationEvent: '*', root cause: vscode.git
2024-12-25 13:26:52.229 [info] ExtensionService#_doActivateExtension vscode.git, startup: true, activationEvent: '*'
2024-12-25 13:26:52.277 [info] ExtensionService#_doActivateExtension vscode.github, startup: true, activationEvent: '*'
2024-12-25 13:26:52.293 [info] ExtensionService#_doActivateExtension vscode.markdown-math, startup: false, activationEvent: 'api', root cause: vscode.markdown-language-features
2024-12-25 13:26:52.324 [info] ExtensionService#_doActivateExtension hashicorp.terraform, startup: true, activationEvent: 'workspaceContains:**/*.tf,**/*.tfvars'
2024-12-25 13:26:52.548 [info] Eager extensions activated
2024-12-25 13:26:52.559 [info] ExtensionService#_doActivateExtension vscode.debug-auto-launch, startup: false, activationEvent: 'onStartupFinished'
2024-12-25 13:26:52.561 [info] ExtensionService#_doActivateExtension vscode.merge-conflict, startup: false, activationEvent: 'onStartupFinished'
2024-12-25 13:26:52.573 [info] ExtensionService#_doActivateExtension Catppuccin.catppuccin-vsc, startup: false, activationEvent: 'onStartupFinished'
2024-12-25 13:26:52.576 [info] ExtensionService#_doActivateExtension Catppuccin.catppuccin-vsc-icons, startup: false, activationEvent: 'onStartupFinished'
2024-12-25 13:26:52.643 [info] ExtensionService#_doActivateExtension dreamcatcher45.podmanager, startup: false, activationEvent: 'onStartupFinished'
2024-12-25 13:26:52.654 [info] ExtensionService#_doActivateExtension esbenp.prettier-vscode, startup: false, activationEvent: 'onStartupFinished'
2024-12-25 13:26:52.710 [info] ExtensionService#_doActivateExtension jnoortheen.nix-ide, startup: false, activationEvent: 'onStartupFinished'
2024-12-25 13:26:52.746 [info] ExtensionService#_doActivateExtension Postman.postman-for-vscode, startup: false, activationEvent: 'onStartupFinished'
2024-12-25 13:26:53.139 [info] ExtensionService#_doActivateExtension yandeu.five-server, startup: false, activationEvent: 'onStartupFinished'
2024-12-25 13:26:53.371 [info] ExtensionService#_doActivateExtension vscode.configuration-editing, startup: false, activationEvent: 'onLanguage:jsonc'
2024-12-25 13:26:53.379 [info] ExtensionService#_doActivateExtension vscode.json-language-features, startup: false, activationEvent: 'onLanguage:jsonc'
2024-12-25 13:26:53.430 [info] ExtensionService#_doActivateExtension vscode.typescript-language-features, startup: false, activationEvent: 'onLanguage:jsonc'
2024-12-25 13:26:53.497 [info] ExtensionService#_doActivateExtension vscode.github-authentication, startup: false, activationEvent: 'onAuthenticationRequest:github'
2024-12-25 18:27:16.281 [info] Extension host terminating: renderer closed the MessagePort
2024-12-25 18:27:16.324 [error] Canceled: Canceled
	at Tl (file:///nix/store/76jc8sja4md3xgb4c3snj37spgfpxxgz-vscodium-1.94.2.24284/lib/vscode/resources/app/out/vs/workbench/api/node/extensionHostProcess.js:7:1272)
	at file:///nix/store/76jc8sja4md3xgb4c3snj37spgfpxxgz-vscodium-1.94.2.24284/lib/vscode/resources/app/out/vs/workbench/api/node/extensionHostProcess.js:31:118583
	at Array.forEach (<anonymous>)
	at Kw.dispose (file:///nix/store/76jc8sja4md3xgb4c3snj37spgfpxxgz-vscodium-1.94.2.24284/lib/vscode/resources/app/out/vs/workbench/api/node/extensionHostProcess.js:31:118489)
	at hW.terminate (file:///nix/store/76jc8sja4md3xgb4c3snj37spgfpxxgz-vscodium-1.94.2.24284/lib/vscode/resources/app/out/vs/workbench/api/node/extensionHostProcess.js:118:12334)
	at MT.terminate (file:///nix/store/76jc8sja4md3xgb4c3snj37spgfpxxgz-vscodium-1.94.2.24284/lib/vscode/resources/app/out/vs/workbench/api/node/extensionHostProcess.js:119:1592)
	at gs (file:///nix/store/76jc8sja4md3xgb4c3snj37spgfpxxgz-vscodium-1.94.2.24284/lib/vscode/resources/app/out/vs/workbench/api/node/extensionHostProcess.js:174:16255)
	at MessagePortMain.<anonymous> (file:///nix/store/76jc8sja4md3xgb4c3snj37spgfpxxgz-vscodium-1.94.2.24284/lib/vscode/resources/app/out/vs/workbench/api/node/extensionHostProcess.js:174:12708)
	at MessagePortMain.emit (node:events:519:28)
	at MessagePortMain.emit (node:domain:488:12)
	at MessagePortMain._internalPort.emit (node:electron/js2c/utility_init:2:2619) setContext undefined
2024-12-25 18:27:16.329 [error] Canceled: Canceled
	at new eR (file:///nix/store/76jc8sja4md3xgb4c3snj37spgfpxxgz-vscodium-1.94.2.24284/lib/vscode/resources/app/out/vs/workbench/api/node/extensionHostProcess.js:31:116724)
	at Kw._remoteCall (file:///nix/store/76jc8sja4md3xgb4c3snj37spgfpxxgz-vscodium-1.94.2.24284/lib/vscode/resources/app/out/vs/workbench/api/node/extensionHostProcess.js:31:123020)
	at s.<computed>.n.charCodeAt.s.<computed> (file:///nix/store/76jc8sja4md3xgb4c3snj37spgfpxxgz-vscodium-1.94.2.24284/lib/vscode/resources/app/out/vs/workbench/api/node/extensionHostProcess.js:31:119779)
	at A_._doExecuteCommand (file:///nix/store/76jc8sja4md3xgb4c3snj37spgfpxxgz-vscodium-1.94.2.24284/lib/vscode/resources/app/out/vs/workbench/api/node/extensionHostProcess.js:114:38463)
	at A_.executeCommand (file:///nix/store/76jc8sja4md3xgb4c3snj37spgfpxxgz-vscodium-1.94.2.24284/lib/vscode/resources/app/out/vs/workbench/api/node/extensionHostProcess.js:114:37899)
	at r.registerCommand.description (file:///nix/store/76jc8sja4md3xgb4c3snj37spgfpxxgz-vscodium-1.94.2.24284/lib/vscode/resources/app/out/vs/workbench/api/node/extensionHostProcess.js:114:37163)
	at A_._executeContributedCommand (file:///nix/store/76jc8sja4md3xgb4c3snj37spgfpxxgz-vscodium-1.94.2.24284/lib/vscode/resources/app/out/vs/workbench/api/node/extensionHostProcess.js:114:39032)
	at A_._doExecuteCommand (file:///nix/store/76jc8sja4md3xgb4c3snj37spgfpxxgz-vscodium-1.94.2.24284/lib/vscode/resources/app/out/vs/workbench/api/node/extensionHostProcess.js:114:38032)
	at A_.executeCommand (file:///nix/store/76jc8sja4md3xgb4c3snj37spgfpxxgz-vscodium-1.94.2.24284/lib/vscode/resources/app/out/vs/workbench/api/node/extensionHostProcess.js:114:37899)
	at Object.executeCommand (file:///nix/store/76jc8sja4md3xgb4c3snj37spgfpxxgz-vscodium-1.94.2.24284/lib/vscode/resources/app/out/vs/workbench/api/node/extensionHostProcess.js:156:41956)
	at gh.O [as value] (/nix/store/76jc8sja4md3xgb4c3snj37spgfpxxgz-vscodium-1.94.2.24284/lib/vscode/resources/app/extensions/git/dist/main.js:2:952983)
	at A._deliver (file:///nix/store/76jc8sja4md3xgb4c3snj37spgfpxxgz-vscodium-1.94.2.24284/lib/vscode/resources/app/out/vs/workbench/api/node/extensionHostProcess.js:29:895)
	at A._deliverQueue (file:///nix/store/76jc8sja4md3xgb4c3snj37spgfpxxgz-vscodium-1.94.2.24284/lib/vscode/resources/app/out/vs/workbench/api/node/extensionHostProcess.js:29:986)
	at A.fire (file:///nix/store/76jc8sja4md3xgb4c3snj37spgfpxxgz-vscodium-1.94.2.24284/lib/vscode/resources/app/out/vs/workbench/api/node/extensionHostProcess.js:29:1322)
	at Object.p [as dispose] (/nix/store/76jc8sja4md3xgb4c3snj37spgfpxxgz-vscodium-1.94.2.24284/lib/vscode/resources/app/extensions/git/dist/main.js:2:973561)
	at /nix/store/76jc8sja4md3xgb4c3snj37spgfpxxgz-vscodium-1.94.2.24284/lib/vscode/resources/app/extensions/git/dist/main.js:2:979683
	at Array.forEach (<anonymous>)
	at f.dispose (/nix/store/76jc8sja4md3xgb4c3snj37spgfpxxgz-vscodium-1.94.2.24284/lib/vscode/resources/app/extensions/git/dist/main.js:2:979669)
	at Pv.<anonymous> (file:///nix/store/76jc8sja4md3xgb4c3snj37spgfpxxgz-vscodium-1.94.2.24284/lib/vscode/resources/app/out/vs/workbench/api/node/extensionHostProcess.js:108:21457)
	at Pv.dispose (file:///nix/store/76jc8sja4md3xgb4c3snj37spgfpxxgz-vscodium-1.94.2.24284/lib/vscode/resources/app/out/vs/workbench/api/node/extensionHostProcess.js:108:21553)
	at Pv.<anonymous> (/nix/store/76jc8sja4md3xgb4c3snj37spgfpxxgz-vscodium-1.94.2.24284/lib/vscode/resources/app/extensions/git/dist/main.js:2:955281)
	at Pv.dispose (file:///nix/store/76jc8sja4md3xgb4c3snj37spgfpxxgz-vscodium-1.94.2.24284/lib/vscode/resources/app/out/vs/workbench/api/node/extensionHostProcess.js:108:21553)
	at xi (file:///nix/store/76jc8sja4md3xgb4c3snj37spgfpxxgz-vscodium-1.94.2.24284/lib/vscode/resources/app/out/vs/workbench/api/node/extensionHostProcess.js:24:701)
	at file:///nix/store/76jc8sja4md3xgb4c3snj37spgfpxxgz-vscodium-1.94.2.24284/lib/vscode/resources/app/out/vs/workbench/api/node/extensionHostProcess.js:118:18395
	at file:///nix/store/76jc8sja4md3xgb4c3snj37spgfpxxgz-vscodium-1.94.2.24284/lib/vscode/resources/app/out/vs/workbench/api/node/extensionHostProcess.js:24:1011
	at Object.dispose (file:///nix/store/76jc8sja4md3xgb4c3snj37spgfpxxgz-vscodium-1.94.2.24284/lib/vscode/resources/app/out/vs/workbench/api/node/extensionHostProcess.js:7:2296)
	at hW._deactivate (file:///nix/store/76jc8sja4md3xgb4c3snj37spgfpxxgz-vscodium-1.94.2.24284/lib/vscode/resources/app/out/vs/workbench/api/node/extensionHostProcess.js:118:14730)
	at file:///nix/store/76jc8sja4md3xgb4c3snj37spgfpxxgz-vscodium-1.94.2.24284/lib/vscode/resources/app/out/vs/workbench/api/node/extensionHostProcess.js:118:12016
	at Array.map (<anonymous>)
	at hW._deactivateAll (file:///nix/store/76jc8sja4md3xgb4c3snj37spgfpxxgz-vscodium-1.94.2.24284/lib/vscode/resources/app/out/vs/workbench/api/node/extensionHostProcess.js:118:12004)
	at hW.terminate (file:///nix/store/76jc8sja4md3xgb4c3snj37spgfpxxgz-vscodium-1.94.2.24284/lib/vscode/resources/app/out/vs/workbench/api/node/extensionHostProcess.js:118:12357)
	at MT.terminate (file:///nix/store/76jc8sja4md3xgb4c3snj37spgfpxxgz-vscodium-1.94.2.24284/lib/vscode/resources/app/out/vs/workbench/api/node/extensionHostProcess.js:119:1592)
	at gs (file:///nix/store/76jc8sja4md3xgb4c3snj37spgfpxxgz-vscodium-1.94.2.24284/lib/vscode/resources/app/out/vs/workbench/api/node/extensionHostProcess.js:174:16255)
	at MessagePortMain.<anonymous> (file:///nix/store/76jc8sja4md3xgb4c3snj37spgfpxxgz-vscodium-1.94.2.24284/lib/vscode/resources/app/out/vs/workbench/api/node/extensionHostProcess.js:174:12708)
	at MessagePortMain.emit (node:events:519:28)
	at MessagePortMain.emit (node:domain:488:12)
	at MessagePortMain._internalPort.emit (node:electron/js2c/utility_init:2:2619) setContext undefined
2024-12-25 18:27:16.332 [error] Canceled: Canceled
	at new eR (file:///nix/store/76jc8sja4md3xgb4c3snj37spgfpxxgz-vscodium-1.94.2.24284/lib/vscode/resources/app/out/vs/workbench/api/node/extensionHostProcess.js:31:116724)
	at Kw._remoteCall (file:///nix/store/76jc8sja4md3xgb4c3snj37spgfpxxgz-vscodium-1.94.2.24284/lib/vscode/resources/app/out/vs/workbench/api/node/extensionHostProcess.js:31:123020)
	at s.<computed>.n.charCodeAt.s.<computed> (file:///nix/store/76jc8sja4md3xgb4c3snj37spgfpxxgz-vscodium-1.94.2.24284/lib/vscode/resources/app/out/vs/workbench/api/node/extensionHostProcess.js:31:119779)
	at A_._doExecuteCommand (file:///nix/store/76jc8sja4md3xgb4c3snj37spgfpxxgz-vscodium-1.94.2.24284/lib/vscode/resources/app/out/vs/workbench/api/node/extensionHostProcess.js:114:38463)
	at A_.executeCommand (file:///nix/store/76jc8sja4md3xgb4c3snj37spgfpxxgz-vscodium-1.94.2.24284/lib/vscode/resources/app/out/vs/workbench/api/node/extensionHostProcess.js:114:37899)
	at r.registerCommand.description (file:///nix/store/76jc8sja4md3xgb4c3snj37spgfpxxgz-vscodium-1.94.2.24284/lib/vscode/resources/app/out/vs/workbench/api/node/extensionHostProcess.js:114:37163)
	at A_._executeContributedCommand (file:///nix/store/76jc8sja4md3xgb4c3snj37spgfpxxgz-vscodium-1.94.2.24284/lib/vscode/resources/app/out/vs/workbench/api/node/extensionHostProcess.js:114:39032)
	at A_._doExecuteCommand (file:///nix/store/76jc8sja4md3xgb4c3snj37spgfpxxgz-vscodium-1.94.2.24284/lib/vscode/resources/app/out/vs/workbench/api/node/extensionHostProcess.js:114:38032)
	at A_.executeCommand (file:///nix/store/76jc8sja4md3xgb4c3snj37spgfpxxgz-vscodium-1.94.2.24284/lib/vscode/resources/app/out/vs/workbench/api/node/extensionHostProcess.js:114:37899)
	at Object.executeCommand (file:///nix/store/76jc8sja4md3xgb4c3snj37spgfpxxgz-vscodium-1.94.2.24284/lib/vscode/resources/app/out/vs/workbench/api/node/extensionHostProcess.js:156:41956)
	at set hasGitHubRepositories (/nix/store/76jc8sja4md3xgb4c3snj37spgfpxxgz-vscodium-1.94.2.24284/lib/vscode/resources/app/extensions/github/dist/extension.js:2:321527)
	at /nix/store/76jc8sja4md3xgb4c3snj37spgfpxxgz-vscodium-1.94.2.24284/lib/vscode/resources/app/extensions/github/dist/extension.js:2:322486
	at gh.value (/nix/store/76jc8sja4md3xgb4c3snj37spgfpxxgz-vscodium-1.94.2.24284/lib/vscode/resources/app/extensions/git/dist/main.js:2:1061824)
	at A._deliver (file:///nix/store/76jc8sja4md3xgb4c3snj37spgfpxxgz-vscodium-1.94.2.24284/lib/vscode/resources/app/out/vs/workbench/api/node/extensionHostProcess.js:29:895)
	at A._deliverQueue (file:///nix/store/76jc8sja4md3xgb4c3snj37spgfpxxgz-vscodium-1.94.2.24284/lib/vscode/resources/app/out/vs/workbench/api/node/extensionHostProcess.js:29:986)
	at A.fire (file:///nix/store/76jc8sja4md3xgb4c3snj37spgfpxxgz-vscodium-1.94.2.24284/lib/vscode/resources/app/out/vs/workbench/api/node/extensionHostProcess.js:29:1322)
	at Object.p [as dispose] (/nix/store/76jc8sja4md3xgb4c3snj37spgfpxxgz-vscodium-1.94.2.24284/lib/vscode/resources/app/extensions/git/dist/main.js:2:973561)
	at /nix/store/76jc8sja4md3xgb4c3snj37spgfpxxgz-vscodium-1.94.2.24284/lib/vscode/resources/app/extensions/git/dist/main.js:2:979683
	at Array.forEach (<anonymous>)
	at f.dispose (/nix/store/76jc8sja4md3xgb4c3snj37spgfpxxgz-vscodium-1.94.2.24284/lib/vscode/resources/app/extensions/git/dist/main.js:2:979669)
	at Pv.<anonymous> (file:///nix/store/76jc8sja4md3xgb4c3snj37spgfpxxgz-vscodium-1.94.2.24284/lib/vscode/resources/app/out/vs/workbench/api/node/extensionHostProcess.js:108:21457)
	at Pv.dispose (file:///nix/store/76jc8sja4md3xgb4c3snj37spgfpxxgz-vscodium-1.94.2.24284/lib/vscode/resources/app/out/vs/workbench/api/node/extensionHostProcess.js:108:21553)
	at Pv.<anonymous> (/nix/store/76jc8sja4md3xgb4c3snj37spgfpxxgz-vscodium-1.94.2.24284/lib/vscode/resources/app/extensions/git/dist/main.js:2:955281)
	at Pv.dispose (file:///nix/store/76jc8sja4md3xgb4c3snj37spgfpxxgz-vscodium-1.94.2.24284/lib/vscode/resources/app/out/vs/workbench/api/node/extensionHostProcess.js:108:21553)
	at xi (file:///nix/store/76jc8sja4md3xgb4c3snj37spgfpxxgz-vscodium-1.94.2.24284/lib/vscode/resources/app/out/vs/workbench/api/node/extensionHostProcess.js:24:701)
	at file:///nix/store/76jc8sja4md3xgb4c3snj37spgfpxxgz-vscodium-1.94.2.24284/lib/vscode/resources/app/out/vs/workbench/api/node/extensionHostProcess.js:118:18395
	at file:///nix/store/76jc8sja4md3xgb4c3snj37spgfpxxgz-vscodium-1.94.2.24284/lib/vscode/resources/app/out/vs/workbench/api/node/extensionHostProcess.js:24:1011
	at Object.dispose (file:///nix/store/76jc8sja4md3xgb4c3snj37spgfpxxgz-vscodium-1.94.2.24284/lib/vscode/resources/app/out/vs/workbench/api/node/extensionHostProcess.js:7:2296)
	at hW._deactivate (file:///nix/store/76jc8sja4md3xgb4c3snj37spgfpxxgz-vscodium-1.94.2.24284/lib/vscode/resources/app/out/vs/workbench/api/node/extensionHostProcess.js:118:14730)
	at file:///nix/store/76jc8sja4md3xgb4c3snj37spgfpxxgz-vscodium-1.94.2.24284/lib/vscode/resources/app/out/vs/workbench/api/node/extensionHostProcess.js:118:12016
	at Array.map (<anonymous>)
	at hW._deactivateAll (file:///nix/store/76jc8sja4md3xgb4c3snj37spgfpxxgz-vscodium-1.94.2.24284/lib/vscode/resources/app/out/vs/workbench/api/node/extensionHostProcess.js:118:12004)
	at hW.terminate (file:///nix/store/76jc8sja4md3xgb4c3snj37spgfpxxgz-vscodium-1.94.2.24284/lib/vscode/resources/app/out/vs/workbench/api/node/extensionHostProcess.js:118:12357)
	at MT.terminate (file:///nix/store/76jc8sja4md3xgb4c3snj37spgfpxxgz-vscodium-1.94.2.24284/lib/vscode/resources/app/out/vs/workbench/api/node/extensionHostProcess.js:119:1592)
	at gs (file:///nix/store/76jc8sja4md3xgb4c3snj37spgfpxxgz-vscodium-1.94.2.24284/lib/vscode/resources/app/out/vs/workbench/api/node/extensionHostProcess.js:174:16255)
	at MessagePortMain.<anonymous> (file:///nix/store/76jc8sja4md3xgb4c3snj37spgfpxxgz-vscodium-1.94.2.24284/lib/vscode/resources/app/out/vs/workbench/api/node/extensionHostProcess.js:174:12708)
	at MessagePortMain.emit (node:events:519:28)
	at MessagePortMain.emit (node:domain:488:12)
	at MessagePortMain._internalPort.emit (node:electron/js2c/utility_init:2:2619) setContext undefined
2024-12-25 18:27:16.343 [info] Extension host with pid 2959 exiting with code 0
2024-12-25 18:27:16.971 [info] Extension host with pid 2437726 started
2024-12-25 18:27:16.971 [info] Skipping acquiring lock for /home/jondaw/.config/VSCodium/User/workspaceStorage/ba590aa5fb3913fcacd97afb0af2b966.
2024-12-25 18:27:17.027 [info] ExtensionService#_doActivateExtension vscode.git-base, startup: true, activationEvent: '*', root cause: vscode.git
2024-12-25 18:27:17.046 [info] ExtensionService#_doActivateExtension vscode.git, startup: true, activationEvent: '*'
2024-12-25 18:27:17.100 [info] ExtensionService#_doActivateExtension vscode.github, startup: true, activationEvent: '*'
2024-12-25 18:27:17.124 [info] ExtensionService#_doActivateExtension hashicorp.terraform, startup: true, activationEvent: 'workspaceContains:**/*.tf,**/*.tfvars'
2024-12-25 18:27:17.264 [info] Eager extensions activated
2024-12-25 18:27:17.265 [info] ExtensionService#_doActivateExtension vscode.debug-auto-launch, startup: false, activationEvent: 'onStartupFinished'
2024-12-25 18:27:17.266 [info] ExtensionService#_doActivateExtension vscode.merge-conflict, startup: false, activationEvent: 'onStartupFinished'
2024-12-25 18:27:17.275 [info] ExtensionService#_doActivateExtension Catppuccin.catppuccin-vsc, startup: false, activationEvent: 'onStartupFinished'
2024-12-25 18:27:17.278 [info] ExtensionService#_doActivateExtension Catppuccin.catppuccin-vsc-icons, startup: false, activationEvent: 'onStartupFinished'
2024-12-25 18:27:17.321 [info] ExtensionService#_doActivateExtension dreamcatcher45.podmanager, startup: false, activationEvent: 'onStartupFinished'
2024-12-25 18:27:17.328 [info] ExtensionService#_doActivateExtension esbenp.prettier-vscode, startup: false, activationEvent: 'onStartupFinished'
2024-12-25 18:27:17.367 [info] ExtensionService#_doActivateExtension jnoortheen.nix-ide, startup: false, activationEvent: 'onStartupFinished'
2024-12-25 18:27:17.385 [info] ExtensionService#_doActivateExtension Postman.postman-for-vscode, startup: false, activationEvent: 'onStartupFinished'
2024-12-25 18:27:17.621 [info] ExtensionService#_doActivateExtension yandeu.five-server, startup: false, activationEvent: 'onStartupFinished'
2024-12-25 18:27:17.732 [info] ExtensionService#_doActivateExtension vscode.configuration-editing, startup: false, activationEvent: 'onLanguage:jsonc'
2024-12-25 18:27:17.737 [info] ExtensionService#_doActivateExtension vscode.json-language-features, startup: false, activationEvent: 'onLanguage:jsonc'
2024-12-25 18:27:17.762 [info] ExtensionService#_doActivateExtension vscode.typescript-language-features, startup: false, activationEvent: 'onLanguage:jsonc'
2024-12-25 18:27:17.786 [info] ExtensionService#_doActivateExtension rvest.vs-code-prettier-eslint, startup: false, activationEvent: 'onLanguage:jsonc'
2024-12-25 18:27:17.846 [info] ExtensionService#_doActivateExtension vscode.emmet, startup: false, activationEvent: 'onLanguage'
