2024-12-25 01:14:49.234 [info] [main] Log level: Info
2024-12-25 01:14:49.234 [info] [main] Validating found git in: "git"
2024-12-25 01:14:49.234 [info] [main] Using git "2.47.0" from "git"
2024-12-25 01:14:49.234 [info] [Model][doInitialScan] Initial repository scan started
2024-12-25 01:14:49.234 [info] > git rev-parse --show-toplevel [11ms]
2024-12-25 01:14:49.234 [info] fatal: not a git repository (or any parent up to mount point /)
Stopping at filesystem boundary (GIT_DISCOVERY_ACROSS_FILESYSTEM not set).
2024-12-25 01:14:49.234 [info] > git rev-parse --show-toplevel [25ms]
2024-12-25 01:14:49.234 [info] fatal: not a git repository (or any parent up to mount point /)
Stopping at filesystem boundary (GIT_DISCOVERY_ACROSS_FILESYSTEM not set).
2024-12-25 01:14:49.234 [info] [Model][doInitialScan] Initial repository scan completed - repositories (0), closed repositories (0), parent repositories (0), unsafe repositories (0)
2024-12-25 01:20:36.125 [info] > git rev-parse --show-toplevel [2ms]
2024-12-25 01:20:36.125 [info] fatal: not a git repository (or any parent up to mount point /)
Stopping at filesystem boundary (GIT_DISCOVERY_ACROSS_FILESYSTEM not set).
2024-12-25 01:24:24.296 [info] > git rev-parse --show-toplevel [3ms]
2024-12-25 01:24:24.296 [info] fatal: not a git repository (or any parent up to mount point /)
Stopping at filesystem boundary (GIT_DISCOVERY_ACROSS_FILESYSTEM not set).
2024-12-25 01:24:24.385 [info] > git rev-parse --show-toplevel [3ms]
2024-12-25 01:24:24.386 [info] fatal: not a git repository (or any parent up to mount point /)
Stopping at filesystem boundary (GIT_DISCOVERY_ACROSS_FILESYSTEM not set).
2024-12-25 01:24:24.494 [info] > git rev-parse --show-toplevel [3ms]
2024-12-25 01:24:24.494 [info] fatal: not a git repository (or any parent up to mount point /)
Stopping at filesystem boundary (GIT_DISCOVERY_ACROSS_FILESYSTEM not set).
