2024-12-25 01:30:28.458 [info] [main] Log level: Info
2024-12-25 01:30:28.459 [info] [main] Validating found git in: "git"
2024-12-25 01:30:28.459 [info] [main] Using git "2.47.0" from "git"
2024-12-25 01:30:28.459 [info] [Model][doInitialScan] Initial repository scan started
2024-12-25 01:30:28.459 [info] > git rev-parse --show-toplevel [36ms]
2024-12-25 01:30:28.459 [info] fatal: not a git repository (or any parent up to mount point /)
Stopping at filesystem boundary (GIT_DISCOVERY_ACROSS_FILESYSTEM not set).
2024-12-25 01:30:28.459 [info] > git rev-parse --show-toplevel [26ms]
2024-12-25 01:30:28.459 [info] fatal: not a git repository (or any parent up to mount point /)
Stopping at filesystem boundary (GIT_DISCOVERY_ACROSS_FILESYSTEM not set).
2024-12-25 01:30:28.459 [info] [Model][doInitialScan] Initial repository scan completed - repositories (0), closed repositories (0), parent repositories (0), unsafe repositories (0)
2024-12-25 01:31:47.823 [info] > git rev-parse --show-toplevel [1ms]
2024-12-25 01:31:47.823 [info] fatal: not a git repository (or any parent up to mount point /)
Stopping at filesystem boundary (GIT_DISCOVERY_ACROSS_FILESYSTEM not set).
2024-12-25 01:31:47.858 [info] > git rev-parse --show-toplevel [1ms]
2024-12-25 01:31:47.858 [info] fatal: not a git repository (or any parent up to mount point /)
Stopping at filesystem boundary (GIT_DISCOVERY_ACROSS_FILESYSTEM not set).
2024-12-25 01:31:47.892 [info] > git rev-parse --show-toplevel [5ms]
2024-12-25 01:31:47.892 [info] fatal: not a git repository (or any parent up to mount point /)
Stopping at filesystem boundary (GIT_DISCOVERY_ACROSS_FILESYSTEM not set).
2024-12-25 01:31:47.899 [info] > git rev-parse --show-toplevel [1ms]
2024-12-25 01:31:47.899 [info] fatal: not a git repository (or any parent up to mount point /)
Stopping at filesystem boundary (GIT_DISCOVERY_ACROSS_FILESYSTEM not set).
