2024-12-25 02:59:22.645 [info] Extension host with pid 3644 started
2024-12-25 02:59:22.645 [info] Skipping acquiring lock for /home/jondaw/.config/VSCodium/User/workspaceStorage/4660ce6a3c65e37467f5edad778403a3.
2024-12-25 02:59:22.967 [info] ExtensionService#_doActivateExtension vscode.emmet, startup: false, activationEvent: 'onLanguage'
2024-12-25 02:59:23.012 [info] ExtensionService#_doActivateExtension vscode.extension-editing, startup: false, activationEvent: 'onLanguage:markdown'
2024-12-25 02:59:23.042 [info] ExtensionService#_doActivateExtension vscode.markdown-language-features, startup: false, activationEvent: 'onLanguage:markdown'
2024-12-25 02:59:23.299 [info] ExtensionService#_doActivateExtension rvest.vs-code-prettier-eslint, startup: false, activationEvent: 'onLanguage:markdown'
2024-12-25 02:59:24.077 [info] ExtensionService#_doActivateExtension vscode.git-base, startup: true, activationEvent: '*', root cause: vscode.git
2024-12-25 02:59:24.134 [info] ExtensionService#_doActivateExtension vscode.git, startup: true, activationEvent: '*'
2024-12-25 02:59:24.353 [info] ExtensionService#_doActivateExtension vscode.github, startup: true, activationEvent: '*'
2024-12-25 02:59:24.598 [info] ExtensionService#_doActivateExtension hashicorp.terraform, startup: true, activationEvent: 'workspaceContains:**/*.tf,**/*.tfvars'
2024-12-25 02:59:25.756 [info] ExtensionService#_doActivateExtension vscode.markdown-math, startup: false, activationEvent: 'api', root cause: vscode.markdown-language-features
2024-12-25 02:59:25.964 [info] Eager extensions activated
2024-12-25 02:59:26.034 [info] ExtensionService#_doActivateExtension vscode.debug-auto-launch, startup: false, activationEvent: 'onStartupFinished'
2024-12-25 02:59:26.041 [info] ExtensionService#_doActivateExtension vscode.merge-conflict, startup: false, activationEvent: 'onStartupFinished'
2024-12-25 02:59:26.105 [info] ExtensionService#_doActivateExtension Catppuccin.catppuccin-vsc, startup: false, activationEvent: 'onStartupFinished'
2024-12-25 02:59:26.124 [info] ExtensionService#_doActivateExtension Catppuccin.catppuccin-vsc-icons, startup: false, activationEvent: 'onStartupFinished'
2024-12-25 02:59:26.387 [info] ExtensionService#_doActivateExtension dreamcatcher45.podmanager, startup: false, activationEvent: 'onStartupFinished'
2024-12-25 02:59:26.420 [info] ExtensionService#_doActivateExtension esbenp.prettier-vscode, startup: false, activationEvent: 'onStartupFinished'
2024-12-25 02:59:26.622 [info] ExtensionService#_doActivateExtension jnoortheen.nix-ide, startup: false, activationEvent: 'onStartupFinished'
2024-12-25 02:59:26.750 [info] ExtensionService#_doActivateExtension Postman.postman-for-vscode, startup: false, activationEvent: 'onStartupFinished'
2024-12-25 02:59:28.201 [info] ExtensionService#_doActivateExtension yandeu.five-server, startup: false, activationEvent: 'onStartupFinished'
2024-12-25 02:59:28.856 [info] ExtensionService#_doActivateExtension vscode.github-authentication, startup: false, activationEvent: 'onAuthenticationRequest:github'
2024-12-25 02:59:28.998 [info] ExtensionService#_doActivateExtension vscode.configuration-editing, startup: false, activationEvent: 'onLanguage:jsonc'
2024-12-25 02:59:29.029 [info] ExtensionService#_doActivateExtension vscode.json-language-features, startup: false, activationEvent: 'onLanguage:jsonc'
2024-12-25 02:59:29.186 [info] ExtensionService#_doActivateExtension vscode.typescript-language-features, startup: false, activationEvent: 'onLanguage:jsonc'
