2024-12-25 00:16:40.468 [info] Extension host with pid 3879 started
2024-12-25 00:16:40.468 [info] Skipping acquiring lock for /home/jondaw/.config/VSCodium/User/workspaceStorage/ba590aa5fb3913fcacd97afb0af2b966.
2024-12-25 00:16:41.210 [info] ExtensionService#_doActivateExtension vscode.emmet, startup: false, activationEvent: 'onLanguage'
2024-12-25 00:16:41.542 [info] ExtensionService#_doActivateExtension vscode.git-base, startup: true, activationEvent: '*', root cause: vscode.git
2024-12-25 00:16:41.619 [info] ExtensionService#_doActivateExtension vscode.git, startup: true, activationEvent: '*'
2024-12-25 00:16:41.851 [info] ExtensionService#_doActivateExtension vscode.github, startup: true, activationEvent: '*'
2024-12-25 00:16:41.980 [info] ExtensionService#_doActivateExtension hashicorp.terraform, startup: true, activationEvent: 'workspaceContains:**/*.tf,**/*.tfvars'
2024-12-25 00:16:42.736 [info] Eager extensions activated
2024-12-25 00:16:42.752 [info] ExtensionService#_doActivateExtension vscode.debug-auto-launch, startup: false, activationEvent: 'onStartupFinished'
2024-12-25 00:16:42.760 [info] ExtensionService#_doActivateExtension vscode.merge-conflict, startup: false, activationEvent: 'onStartupFinished'
2024-12-25 00:16:42.804 [info] ExtensionService#_doActivateExtension Catppuccin.catppuccin-vsc, startup: false, activationEvent: 'onStartupFinished'
2024-12-25 00:16:42.815 [info] ExtensionService#_doActivateExtension Catppuccin.catppuccin-vsc-icons, startup: false, activationEvent: 'onStartupFinished'
2024-12-25 00:16:43.024 [info] ExtensionService#_doActivateExtension dreamcatcher45.podmanager, startup: false, activationEvent: 'onStartupFinished'
2024-12-25 00:16:43.055 [info] ExtensionService#_doActivateExtension esbenp.prettier-vscode, startup: false, activationEvent: 'onStartupFinished'
2024-12-25 00:16:43.328 [info] ExtensionService#_doActivateExtension jnoortheen.nix-ide, startup: false, activationEvent: 'onStartupFinished'
2024-12-25 00:16:43.475 [info] ExtensionService#_doActivateExtension Postman.postman-for-vscode, startup: false, activationEvent: 'onStartupFinished'
2024-12-25 00:16:45.040 [info] ExtensionService#_doActivateExtension yandeu.five-server, startup: false, activationEvent: 'onStartupFinished'
2024-12-25 00:16:45.592 [info] ExtensionService#_doActivateExtension vscode.configuration-editing, startup: false, activationEvent: 'onLanguage:jsonc'
2024-12-25 00:16:45.624 [info] ExtensionService#_doActivateExtension vscode.json-language-features, startup: false, activationEvent: 'onLanguage:jsonc'
2024-12-25 00:16:45.754 [info] ExtensionService#_doActivateExtension vscode.typescript-language-features, startup: false, activationEvent: 'onLanguage:jsonc'
2024-12-25 00:16:45.892 [info] ExtensionService#_doActivateExtension rvest.vs-code-prettier-eslint, startup: false, activationEvent: 'onLanguage:jsonc'
