2024-12-25 01:14:47.721 [info] Extension host with pid 3864 started
2024-12-25 01:14:47.721 [info] Skipping acquiring lock for /home/jondaw/.config/VSCodium/User/workspaceStorage/ba590aa5fb3913fcacd97afb0af2b966.
2024-12-25 01:14:48.319 [info] ExtensionService#_doActivateExtension vscode.emmet, startup: false, activationEvent: 'onLanguage'
2024-12-25 01:14:48.468 [info] ExtensionService#_doActivateExtension vscode.git-base, startup: true, activationEvent: '*', root cause: vscode.git
2024-12-25 01:14:48.557 [info] ExtensionService#_doActivateExtension vscode.git, startup: true, activationEvent: '*'
2024-12-25 01:14:48.737 [info] ExtensionService#_doActivateExtension vscode.github, startup: true, activationEvent: '*'
2024-12-25 01:14:48.833 [info] ExtensionService#_doActivateExtension hashicorp.terraform, startup: true, activationEvent: 'workspaceContains:**/*.tf,**/*.tfvars'
2024-12-25 01:14:49.321 [info] Eager extensions activated
2024-12-25 01:14:49.344 [info] ExtensionService#_doActivateExtension vscode.debug-auto-launch, startup: false, activationEvent: 'onStartupFinished'
2024-12-25 01:14:49.349 [info] ExtensionService#_doActivateExtension vscode.merge-conflict, startup: false, activationEvent: 'onStartupFinished'
2024-12-25 01:14:49.388 [info] ExtensionService#_doActivateExtension Catppuccin.catppuccin-vsc, startup: false, activationEvent: 'onStartupFinished'
2024-12-25 01:14:49.397 [info] ExtensionService#_doActivateExtension Catppuccin.catppuccin-vsc-icons, startup: false, activationEvent: 'onStartupFinished'
2024-12-25 01:14:49.570 [info] ExtensionService#_doActivateExtension dreamcatcher45.podmanager, startup: false, activationEvent: 'onStartupFinished'
2024-12-25 01:14:49.592 [info] ExtensionService#_doActivateExtension esbenp.prettier-vscode, startup: false, activationEvent: 'onStartupFinished'
2024-12-25 01:14:49.785 [info] ExtensionService#_doActivateExtension jnoortheen.nix-ide, startup: false, activationEvent: 'onStartupFinished'
2024-12-25 01:14:49.873 [info] ExtensionService#_doActivateExtension Postman.postman-for-vscode, startup: false, activationEvent: 'onStartupFinished'
2024-12-25 01:14:50.857 [info] ExtensionService#_doActivateExtension yandeu.five-server, startup: false, activationEvent: 'onStartupFinished'
2024-12-25 01:14:51.197 [info] ExtensionService#_doActivateExtension vscode.configuration-editing, startup: false, activationEvent: 'onLanguage:jsonc'
2024-12-25 01:14:51.216 [info] ExtensionService#_doActivateExtension vscode.json-language-features, startup: false, activationEvent: 'onLanguage:jsonc'
2024-12-25 01:14:51.312 [info] ExtensionService#_doActivateExtension vscode.typescript-language-features, startup: false, activationEvent: 'onLanguage:jsonc'
2024-12-25 01:14:51.445 [info] ExtensionService#_doActivateExtension rvest.vs-code-prettier-eslint, startup: false, activationEvent: 'onLanguage:jsonc'
