2024-12-25 00:16:42.682 [info] [main] Log level: Info
2024-12-25 00:16:42.682 [info] [main] Validating found git in: "git"
2024-12-25 00:16:42.682 [info] [main] Using git "2.47.0" from "git"
2024-12-25 00:16:42.682 [info] [Model][doInitialScan] Initial repository scan started
2024-12-25 00:16:42.682 [info] > git rev-parse --show-toplevel [26ms]
2024-12-25 00:16:42.682 [info] fatal: not a git repository (or any parent up to mount point /)
Stopping at filesystem boundary (GIT_DISCOVERY_ACROSS_FILESYSTEM not set).
2024-12-25 00:16:42.682 [info] > git rev-parse --show-toplevel [51ms]
2024-12-25 00:16:42.682 [info] fatal: not a git repository (or any parent up to mount point /)
Stopping at filesystem boundary (GIT_DISCOVERY_ACROSS_FILESYSTEM not set).
2024-12-25 00:16:42.682 [info] [Model][doInitialScan] Initial repository scan completed - repositories (0), closed repositories (0), parent repositories (0), unsafe repositories (0)
2024-12-25 00:16:54.692 [info] > git rev-parse --show-toplevel [13ms]
2024-12-25 00:16:54.692 [info] fatal: not a git repository (or any parent up to mount point /)
Stopping at filesystem boundary (GIT_DISCOVERY_ACROSS_FILESYSTEM not set).
2024-12-25 00:16:54.850 [info] > git rev-parse --show-toplevel [3ms]
2024-12-25 00:16:54.850 [info] fatal: not a git repository (or any parent up to mount point /)
Stopping at filesystem boundary (GIT_DISCOVERY_ACROSS_FILESYSTEM not set).
2024-12-25 00:16:54.959 [info] > git rev-parse --show-toplevel [4ms]
2024-12-25 00:16:54.959 [info] fatal: not a git repository (or any parent up to mount point /)
Stopping at filesystem boundary (GIT_DISCOVERY_ACROSS_FILESYSTEM not set).
2024-12-25 00:16:55.086 [info] > git rev-parse --show-toplevel [2ms]
2024-12-25 00:16:55.086 [info] fatal: not a git repository (or any parent up to mount point /)
Stopping at filesystem boundary (GIT_DISCOVERY_ACROSS_FILESYSTEM not set).
2024-12-25 00:30:52.231 [info] > git rev-parse --show-toplevel [5ms]
2024-12-25 00:30:52.231 [info] fatal: not a git repository (or any of the parent directories): .git
