2024-12-25 02:18:15.885 [info] Added views:workbench.view.search in workbench.view.search
2024-12-25 02:18:15.885 [info] Added views:workbench.scm in workbench.view.scm
2024-12-25 02:18:15.886 [info] Added views:workbench.panel.markers.view in workbench.panel.markers
2024-12-25 02:18:15.886 [info] Added views:workbench.panel.output in workbench.panel.output
2024-12-25 02:18:15.886 [info] Added views:terminal in terminal
2024-12-25 02:18:15.886 [info] Added views:workbench.explorer.fileView in workbench.view.explorer
2024-12-25 02:18:16.312 [info] Added views:workbench.debug.welcome in workbench.view.debug
2024-12-25 02:18:17.930 [info] Added views:podmanView in workbench.view.extension.podmanager-sidebar
2024-12-25 02:18:17.931 [info] Added views:terraform.providers,terraform.modules in workbench.view.extension.terraform
2024-12-25 02:18:17.933 [info] Added views:terraform.cloud.workspaces,terraform.cloud.runs in workbench.view.extension.terraform-cloud
2024-12-25 02:18:17.935 [info] Added views:sshHosts in workbench.view.remote
2024-12-25 02:18:17.936 [info] Added views:postman-for-vscode.sidebar-panel in workbench.view.extension.sidebar-panel
2024-12-25 02:18:17.937 [info] Added views:postman-console-view in workbench.view.extension.postman-console-view-container
2024-12-25 02:18:17.938 [info] Added views:ansible-home,lightspeed-explorer-webview,lightspeed-feedback-webview in workbench.view.extension.ansible-explorer
2024-12-25 02:18:18.706 [info] Added views:workbench.panel.repl.view in workbench.panel.repl
2024-12-25 02:24:34.391 [info] Added views:~remote.forwardedPorts in ~remote.forwardedPortsContainer
2024-12-25 02:27:07.890 [info] Added views:workbench.view.search in workbench.view.search
2024-12-25 02:27:07.890 [info] Added views:workbench.scm in workbench.view.scm
2024-12-25 02:27:07.890 [info] Added views:workbench.panel.markers.view in workbench.panel.markers
2024-12-25 02:27:07.890 [info] Added views:workbench.panel.output in workbench.panel.output
2024-12-25 02:27:07.890 [info] Added views:terminal in terminal
2024-12-25 02:27:07.890 [info] Added views:workbench.explorer.fileView in workbench.view.explorer
2024-12-25 02:27:08.219 [info] Added views:workbench.debug.welcome in workbench.view.debug
2024-12-25 02:27:09.246 [info] Added views:podmanView in workbench.view.extension.podmanager-sidebar
2024-12-25 02:27:09.247 [info] Added views:terraform.providers,terraform.modules in workbench.view.extension.terraform
2024-12-25 02:27:09.248 [info] Added views:terraform.cloud.workspaces,terraform.cloud.runs in workbench.view.extension.terraform-cloud
2024-12-25 02:27:09.249 [info] Added views:sshHosts in workbench.view.remote
2024-12-25 02:27:09.249 [info] Added views:postman-for-vscode.sidebar-panel in workbench.view.extension.sidebar-panel
2024-12-25 02:27:09.250 [info] Added views:postman-console-view in workbench.view.extension.postman-console-view-container
2024-12-25 02:27:09.250 [info] Added views:ansible-home,lightspeed-explorer-webview,lightspeed-feedback-webview in workbench.view.extension.ansible-explorer
2024-12-25 02:27:09.714 [info] Added views:workbench.panel.repl.view in workbench.panel.repl
2024-12-25 02:27:11.573 [info] Added views:~remote.forwardedPorts in ~remote.forwardedPortsContainer
2024-12-25 02:27:11.753 [info] Added views:workbench.scm.history in workbench.view.scm
